### Custom WaveView ADV log file, revision O-2018.09 (build Aug 27, ) ###
### created at 19:04:11 on Tue Jul 23 2019 (Linux AMD64) ###
### Host Name: adc   User ID: ychuang   PID: 82637   ###
wv_start_log
# (0) running in waveview only mode
# (0) SW_SX_PERL_LIB defined
# (0) SW_SX_TCL_LIB defined
# (0) HOME defined
wv_move_window {Custom WaveView} {} 33 52
wv_select_window {Custom WaveView} 
wv_resize_window {Custom WaveView} 800 586
wv_press_tool_button {Custom WaveView} {} {AbortLoading0} 
wv_select_window {Custom WaveView} 
wv_press_tool_button {Custom WaveView} {} {OpenWaveform0} 
wv_select_dialog {FileDialog} 
wv_move_scrollbar {FileDialog} {} {FileList.HScrollBar} {54}
wv_move_scrollbar {FileDialog} {} {FileList.HScrollBar} {0}
wv_select_list_item {FileDialog} {} {FileList} {bhv.tr0} 7
wv_dclick_list_item {FileDialog} {} {FileList} {bhv.tr0} 7
wv_expand_tree_item {Custom WaveView} {} {hierview} {D0:bhv.tr0(0)} {+sep=@}
wv_select_tree_item {Custom WaveView} {} {hierview} {D0:bhv.tr0(0)@toplevel(0)} {0} {+sep=@}
wv_move_scrollbar {Custom WaveView} {} {sigview.HScrolBar} {1}
wv_move_scrollbar {Custom WaveView} {} {sigview.HScrolBar} {3}
wv_move_scrollbar {Custom WaveView} {} {sigview.HScrolBar} {2}
wv_move_scrollbar {Custom WaveView} {} {sigview.HScrolBar} {0}
wv_select_window {Custom WaveView} 
wv_close_window {Custom WaveView} 
wv_select_dialog {Confirmation} 
#wv_press_button {Confirmation} {} {Ok} 
#*WARNING* Can not remove '/net/lab/ychuang/.cx_hostport/.cx_hostport_adc_82637'.
