### Custom WaveView ADV log file, revision O-2018.09 (build Aug 27, ) ###
### created at 15:52:15 on Thu Jul 18 2019 (Linux AMD64) ###
### Host Name: adc   User ID: ychuang   PID: 109300   ###
wv_start_log
# (0) running in waveview only mode
# (0) SW_SX_PERL_LIB defined
# (0) SW_SX_TCL_LIB defined
# (0) HOME defined
wv_move_window {Custom WaveView} {} 133 152
wv_select_window {Custom WaveView} 
wv_resize_window {Custom WaveView} 800 586
wv_press_tool_button {Custom WaveView} {} {OpenWaveform0} 
wv_select_dialog {FileDialog} 
wv_select_list_item {FileDialog} {} {FileList} {bhv.tr0} 7
wv_dclick_list_item {FileDialog} {} {FileList} {bhv.tr0} 7
wv_expand_tree_item {Custom WaveView} {} {hierview} {D0:bhv.tr0(0)} {+sep=@}
wv_select_tree_item {Custom WaveView} {} {hierview} {D0:bhv.tr0(0)@toplevel(0)} {0} {+sep=@}
wv_select_tree_item {Custom WaveView} {} {hierview} {D0:bhv.tr0(0)@toplevel(0)} {0} {+sep=@}
wv_select_list_item {Custom WaveView} {} {sigview} {v(inp)} 2
wv_select_list_item {Custom WaveView} {} {sigview} {v(inp)} 2
wv_dclick_list_item {Custom WaveView} {} {sigview} {v(inp)} 2
wv_select_list_item {Custom WaveView} {} {sigview} {v(out_int1_p)} 4
wv_dclick_list_item {Custom WaveView} {} {sigview} {v(out_int1_p)} 4
wv_select_waveview 1 {waveview 1}
wv_select_panel WV1.PANEL2:1 9.82368e-05 0.075948
wv_drag_item_to WV1 166 348
wv_zoom WV1.PANEL2:1 9.82368e-05 0.075948 -7.55668e-05 1.74396
wv_close_window {Custom WaveView} 
wv_select_dialog {Confirmation} 
#wv_press_button {Confirmation} {} {Ok} 
#*WARNING* Can not remove '/net/lab/ychuang/.cx_hostport/.cx_hostport_adc_109300'.
