### Custom WaveView ADV log file, revision O-2018.09 (build Aug 27, ) ###
### created at 16:24:11 on Wed Mar  6 2019 (Linux AMD64) ###
### Host Name: adc   User ID: derekchen   PID: 25256   ###
wv_start_log
# (0) running in waveview only mode
# (0) SW_SX_PERL_LIB defined
# (0) SW_SX_TCL_LIB defined
# (0) HOME defined
wv_move_window {Custom WaveView} {} 164 187
wv_select_window {Custom WaveView} 
wv_move_window {Custom WaveView} {} 848 158
wv_press_tool_button {Custom WaveView} {} {OpenWaveform0} 
wv_select_dialog {FileDialog} 
wv_select_list_item {FileDialog} {} {FileList} {bhv} 2
wv_dclick_list_item {FileDialog} {} {FileList} {bhv} 2
wv_select_list_item {FileDialog} {} {FileList} {iadc2_1b_bhv.tr0} 5
wv_dclick_list_item {FileDialog} {} {FileList} {iadc2_1b_bhv.tr0} 5
wv_resize_browser {Custom WaveView} {} {WV.Browser} 250 410
wv_resize_browser {Custom WaveView} {} {waveview 1:1} 643 384
wv_resize_window {Custom WaveView} 903 553
wv_resize_browser {Custom WaveView} {} {WV.Browser} 250 412
wv_resize_browser {Custom WaveView} {} {waveview 1:1} 644 386
wv_resize_window {Custom WaveView} 904 555
wv_resize_browser {Custom WaveView} {} {WV.Browser} 250 470
wv_resize_browser {Custom WaveView} {} {waveview 1:1} 673 444
wv_resize_window {Custom WaveView} 933 613
wv_resize_browser {Custom WaveView} {} {WV.Browser} 250 501
wv_resize_browser {Custom WaveView} {} {waveview 1:1} 685 475
wv_resize_window {Custom WaveView} 945 644
wv_resize_browser {Custom WaveView} {} {WV.Browser} 250 532
wv_resize_browser {Custom WaveView} {} {waveview 1:1} 695 506
wv_resize_window {Custom WaveView} 955 675
wv_resize_browser {Custom WaveView} {} {WV.Browser} 250 558
wv_resize_browser {Custom WaveView} {} {waveview 1:1} 703 532
wv_resize_window {Custom WaveView} 963 701
wv_resize_browser {Custom WaveView} {} {WV.Browser} 250 561
wv_resize_browser {Custom WaveView} {} {waveview 1:1} 704 535
wv_resize_window {Custom WaveView} 964 704
wv_resize_browser {Custom WaveView} {} {WV.Browser} 250 584
wv_resize_browser {Custom WaveView} {} {waveview 1:1} 716 558
wv_resize_window {Custom WaveView} 976 727
wv_resize_browser {Custom WaveView} {} {WV.Browser} 250 588
wv_resize_browser {Custom WaveView} {} {waveview 1:1} 718 562
wv_resize_window {Custom WaveView} 978 731
wv_resize_browser {Custom WaveView} {} {WV.Browser} 250 607
wv_resize_browser {Custom WaveView} {} {waveview 1:1} 732 581
wv_resize_window {Custom WaveView} 992 750
wv_resize_browser {Custom WaveView} {} {WV.Browser} 250 610
wv_resize_browser {Custom WaveView} {} {waveview 1:1} 734 584
wv_resize_window {Custom WaveView} 994 753
wv_resize_browser {Custom WaveView} {} {WV.Browser} 250 621
wv_resize_browser {Custom WaveView} {} {waveview 1:1} 757 595
wv_resize_window {Custom WaveView} 1017 764
wv_resize_browser {Custom WaveView} {} {WV.Browser} 250 633
wv_resize_browser {Custom WaveView} {} {waveview 1:1} 782 607
wv_resize_window {Custom WaveView} 1042 776
wv_resize_browser {Custom WaveView} {} {WV.Browser} 250 636
wv_resize_browser {Custom WaveView} {} {waveview 1:1} 792 610
wv_resize_window {Custom WaveView} 1052 779
wv_resize_browser {Custom WaveView} {} {WV.Browser} 250 637
wv_resize_browser {Custom WaveView} {} {waveview 1:1} 801 611
wv_resize_window {Custom WaveView} 1061 780
wv_resize_browser {Custom WaveView} {} {WV.Browser} 250 638
wv_resize_browser {Custom WaveView} {} {waveview 1:1} 803 612
wv_resize_window {Custom WaveView} 1063 781
wv_resize_browser {Custom WaveView} {} {WV.Browser} 250 639
wv_resize_browser {Custom WaveView} {} {waveview 1:1} 809 613
wv_resize_window {Custom WaveView} 1069 782
wv_resize_browser {Custom WaveView} {} {waveview 1:1} 808 613
wv_resize_window {Custom WaveView} 1068 782
wv_resize_browser {Custom WaveView} {} {WV.Browser} 250 640
wv_resize_browser {Custom WaveView} {} {waveview 1:1} 803 614
wv_resize_window {Custom WaveView} 1063 783
wv_resize_browser {Custom WaveView} {} {WV.Browser} 250 641
wv_resize_browser {Custom WaveView} {} {waveview 1:1} 801 615
wv_resize_window {Custom WaveView} 1061 784
wv_resize_browser {Custom WaveView} {} {waveview 1:1} 800 615
wv_resize_window {Custom WaveView} 1060 784
wv_resize_browser {Custom WaveView} {} {WV.Browser} 250 642
wv_resize_browser {Custom WaveView} {} {waveview 1:1} 799 616
wv_resize_window {Custom WaveView} 1059 785
wv_expand_tree_item {Custom WaveView} {} {hierview} {D0:iadc2_1b_bhv.tr0(0)} {+sep=@}
wv_select_tree_item {Custom WaveView} {} {hierview} {D0:iadc2_1b_bhv.tr0(0)@toplevel(0)} {0} {+sep=@}
wv_select_list_item {Custom WaveView} {} {sigview} {v(int1_opip)} 6
wv_dclick_list_item {Custom WaveView} {} {sigview} {v(int1_opip)} 6
wv_select_list_item {Custom WaveView} {} {sigview} {v(int1p)} 8
wv_dclick_list_item {Custom WaveView} {} {sigview} {v(int1p)} 8
wv_select_list_item {Custom WaveView} {} {sigview} {v(int1n)} 7
wv_dclick_list_item {Custom WaveView} {} {sigview} {v(int1n)} 7
wv_move_window {Custom WaveView} {} 493 158
wv_resize_browser {Custom WaveView} {} {WV.Browser} 250 648
wv_resize_browser {Custom WaveView} {} {waveview 1:1} 1154 622
wv_resize_window {Custom WaveView} 1414 791
wv_select_waveview 1 {waveview 1}
wv_select_wv_item WV1.LEGEND.WIDTH
wv_drag_item_to WV1 81 435
wv_move_wv_item WV1.PANEL1:1.LEGEND.WIDTH 153
wv_select_waveview 1 {waveview 1}
wv_select_wv_item WV1.PANEL3:1.LEGEND
wv_drag_item_to WV1 116 416
wv_drag_enter WV1
wv_drag_to WV1 119 400
wv_drag_to WV1 123 359
wv_drop_on WV1
wv_drag_item_to WV1 117 409
wv_select_waveview 1 {waveview 1}
wv_select_wv_item WV1.PANEL1:1.LEGEND
wv_drag_item_to WV1 81 196
wv_drag_enter WV1
wv_drag_to WV1 77 213
wv_drag_to WV1 56 325
wv_drop_on WV1
wv_drag_item_to WV1 80 201
wv_select_waveview 1 {waveview 1}
wv_waveview_context_menu WV1.PANEL1:1.XAXIS1
wv_select_waveview 1 {waveview 1}
wv_select_wv_item WV1.PANEL1:1.XAXIS1
wv_drag_item_to WV1 331 571
wv_zoom_x WV1.PANEL1:1 0.000418639 0.00057523
wv_select_waveview 1 {waveview 1}
wv_select_wv_item WV1.PANEL1:1.XAXIS1
wv_drag_item_to WV1 304 571
wv_zoom_x WV1.PANEL1:1 0.000438245 0.000456217
wv_select_waveview 1 {waveview 1}
wv_select_wv_item WV1.PANEL1:1.XAXIS1
wv_drag_item_to WV1 344 571
wv_zoom_x WV1.PANEL1:1 0.000441048 0.000443512
wv_select_list_item {Custom WaveView} {} {sigview} {v(rst)} 16
wv_dclick_list_item {Custom WaveView} {} {sigview} {v(rst)} 16
wv_select_list_item {Custom WaveView} {} {sigview} {v(dout)} 3
wv_dclick_list_item {Custom WaveView} {} {sigview} {v(dout)} 3
wv_select_waveview 1 {waveview 1}
wv_select_wv_item WV1.PANEL2:1.LEGEND
wv_drag_item_to WV1 70 242
wv_select_panel WV1.PANEL2:1.LEGEND
wv_select_waveview 1 {waveview 1}
wv_shift_select_panel WV1.PANEL3:1.LEGEND
wv_release_wv_item WV1 87 419
wv_select_tab {Custom WaveView} {} {RBMenu} {Bar.File}
wv_select_tab {Custom WaveView} {} {RBMenu} {Bar.File}
wv_select_tab {Custom WaveView} {} {RBMenu} {Bar.Waveform}
wv_move_window {Custom WaveView} {} 421 134
wv_resize_browser {Custom WaveView} {} {WV.Browser} 250 672
wv_resize_browser {Custom WaveView} {} {waveview 1:1} 1226 646
wv_resize_window {Custom WaveView} 1486 815
wv_select_waveview 1 {waveview 1}
wv_waveview_context_menu WV1.PANEL2:1.LEGEND
wv_select_waveview 1 {waveview 1}
wv_select_menu_item {Custom WaveView} {waveview 1:1} {PanelPopMenu.Export Waveforms} 
wv_select_dialog {WaveformExportParameters} 
wv_set_text {WaveformExportParameters} {} {OutFile} "data_test"
wv_press_button {WaveformExportParameters} {} {Ok} 
wv_select_waveview 1 {waveview 1}
wv_select_panel WV1.PANEL2:1 0.000442958 0.83
wv_drag_item_to WV1 979 309
wv_select_tab {Custom WaveView} {} {RBMenu} {Bar.Configuration}
wv_select_tab {Custom WaveView} {} {RBMenu} {Bar.Tools}
wv_select_tab {Custom WaveView} {} {RBMenu} {Bar.Waveform}
wv_select_tab {Custom WaveView} {} {RBMenu} {Bar.File}
wv_press_tool_button {Custom WaveView} {} {SaveSession0} 
wv_select_dialog {FileDialog} 
wv_press_button {FileDialog} {} {Cancel} 
wv_select_window {Custom WaveView} 
wv_close_window {Custom WaveView} 
wv_select_dialog {Confirmation} 
#wv_press_button {Confirmation} {} {Ok} 
#*WARNING* Can not remove '/net/lab/derekchen/.cx_hostport/.cx_hostport_adc_25256'.
