### Custom WaveView ADV log file, revision O-2018.09 (build Aug 27, ) ###
### created at 23:11:45 on Sun Feb 16 2020 (Linux AMD64) ###
### Host Name: adc   User ID: ychuang   PID: 60938   ###
wv_start_log
# (0) running in waveview only mode
# (0) SW_SX_PERL_LIB defined
# (0) SW_SX_TCL_LIB defined
# (0) HOME defined
wv_move_window {Custom WaveView} {} 33 52
wv_select_window {Custom WaveView} 
wv_resize_window {Custom WaveView} 800 586
wv_close_window {Custom WaveView} 
wv_select_dialog {Confirmation} 
wv_select_window {Custom WaveView} 
wv_close_dialog {Confirmation} 
wv_move_window {Custom WaveView} {} 0 0
wv_move_window {Custom WaveView} {} 46 30
wv_select_window {Custom WaveView} 
wv_close_window {Custom WaveView} 
wv_select_dialog {Confirmation} 
#wv_press_button {Confirmation} {} {Ok} 
#*WARNING* Can not remove '/net/lab/ychuang/.cx_hostport/.cx_hostport_adc_60938'.
